starting run: 
slurmstepd: error: *** STEP 3096642.0 ON quartz2354 CANCELLED AT 2019-07-16T09:11:41 ***
srun: Job step aborted: Waiting up to 62 seconds for job step to finish.
slurmstepd: error: *** JOB 3096642 ON quartz2354 CANCELLED AT 2019-07-16T09:11:41 ***
